n003.hpc
2021. 12. 23. (목) 21:02:25 KST
Graph is built!
Epoch 0000: Validation ELBO Loss: nan, Validation Recon: 49.1529, Validation Prior: 131.6079, Validation Accuracy: 38.000%
Epoch 0000: Test ELBO Loss: 48.2446, Test Recon: 48.0554, Test Prior: -1.5378, Test Accuracy: 40.470%
Epoch 0001: Validation ELBO Loss: -183.9072, Validation Recon: 40.1360, Validation Prior: -225.0120, Validation Accuracy: 65.700%
Epoch 0001: Test ELBO Loss: -188.8330, Test Recon: 39.9042, Test Prior: -229.6741, Test Accuracy: 67.010%
Epoch 0002: Validation ELBO Loss: -196.5544, Validation Recon: 39.9711, Validation Prior: -237.0666, Validation Accuracy: 82.500%
Epoch 0002: Test ELBO Loss: -196.4284, Test Recon: 39.8483, Test Prior: -236.8123, Test Accuracy: 82.140%
Epoch 0003: Validation ELBO Loss: -183.5674, Validation Recon: 37.2185, Validation Prior: -221.4267, Validation Accuracy: 79.380%
Epoch 0003: Test ELBO Loss: -181.1513, Test Recon: 36.9673, Test Prior: -218.7652, Test Accuracy: 79.540%
Epoch 0004: Validation ELBO Loss: -231.8498, Validation Recon: 40.2646, Validation Prior: -272.3504, Validation Accuracy: 92.560%
Epoch 0004: Test ELBO Loss: -231.2688, Test Recon: 39.9198, Test Prior: -271.4261, Test Accuracy: 92.140%
Epoch 0005: Validation ELBO Loss: -288.3740, Validation Recon: 34.9916, Validation Prior: -323.5890, Validation Accuracy: 93.300%
Epoch 0005: Test ELBO Loss: -288.2585, Test Recon: 34.7626, Test Prior: -323.2453, Test Accuracy: 93.440%
Epoch 0006: Validation ELBO Loss: -292.4079, Validation Recon: 31.6567, Validation Prior: -324.3132, Validation Accuracy: 92.860%
Epoch 0006: Test ELBO Loss: -292.5511, Test Recon: 31.4227, Test Prior: -324.2114, Test Accuracy: 92.950%
Epoch 0007: Validation ELBO Loss: -312.0778, Validation Recon: 29.8515, Validation Prior: -342.1183, Validation Accuracy: 94.580%
Epoch 0007: Test ELBO Loss: -313.8134, Test Recon: 29.4909, Test Prior: -343.4836, Test Accuracy: 95.070%
Epoch 0008: Validation ELBO Loss: -304.6804, Validation Recon: 32.6217, Validation Prior: -337.4393, Validation Accuracy: 96.520%
Epoch 0008: Test ELBO Loss: -305.7131, Test Recon: 32.3580, Test Prior: -338.2057, Test Accuracy: 96.190%
Epoch 0009: Validation ELBO Loss: -323.2188, Validation Recon: 27.1297, Validation Prior: -350.4605, Validation Accuracy: 97.020%
Epoch 0009: Test ELBO Loss: -324.6436, Test Recon: 26.6426, Test Prior: -351.3971, Test Accuracy: 97.180%
Epoch 0010: Validation ELBO Loss: -321.3186, Validation Recon: 30.8867, Validation Prior: -352.3093, Validation Accuracy: 97.060%
Epoch 0010: Test ELBO Loss: -322.7513, Test Recon: 30.6727, Test Prior: -353.5371, Test Accuracy: 96.770%
Epoch 0011: Validation ELBO Loss: -312.3613, Validation Recon: 34.9119, Validation Prior: -347.4050, Validation Accuracy: 96.140%
Epoch 0011: Test ELBO Loss: -313.8737, Test Recon: 35.0009, Test Prior: -349.0090, Test Accuracy: 96.170%
Epoch 0012: Validation ELBO Loss: -322.7028, Validation Recon: 32.4856, Validation Prior: -355.2913, Validation Accuracy: 97.040%
Epoch 0012: Test ELBO Loss: -323.8833, Test Recon: 32.5281, Test Prior: -356.5208, Test Accuracy: 97.000%
Epoch 0013: Validation ELBO Loss: -328.9251, Validation Recon: 29.6417, Validation Prior: -358.6594, Validation Accuracy: 97.320%
Epoch 0013: Test ELBO Loss: -330.5061, Test Recon: 29.4519, Test Prior: -360.0571, Test Accuracy: 97.300%
Epoch 0014: Validation ELBO Loss: -319.1575, Validation Recon: 29.5768, Validation Prior: -348.8607, Validation Accuracy: 96.040%
Epoch 0014: Test ELBO Loss: -322.0290, Test Recon: 29.2939, Test Prior: -351.4527, Test Accuracy: 96.120%
Epoch 0015: Validation ELBO Loss: -321.0174, Validation Recon: 32.4708, Validation Prior: -353.5947, Validation Accuracy: 96.560%
Epoch 0015: Test ELBO Loss: -322.7176, Test Recon: 32.1820, Test Prior: -355.0214, Test Accuracy: 96.240%
Epoch 0016: Validation ELBO Loss: -334.4523, Validation Recon: 29.4222, Validation Prior: -363.9799, Validation Accuracy: 96.840%
Epoch 0016: Test ELBO Loss: -336.5080, Test Recon: 29.1280, Test Prior: -365.7415, Test Accuracy: 97.040%
Epoch 0017: Validation ELBO Loss: -340.8795, Validation Recon: 27.6184, Validation Prior: -368.6234, Validation Accuracy: 96.340%
Epoch 0017: Test ELBO Loss: -343.0576, Test Recon: 27.1973, Test Prior: -370.3906, Test Accuracy: 95.990%
Epoch 0018: Validation ELBO Loss: -335.3789, Validation Recon: 29.6195, Validation Prior: -365.1225, Validation Accuracy: 96.080%
Epoch 0018: Test ELBO Loss: -337.2652, Test Recon: 29.3667, Test Prior: -366.7625, Test Accuracy: 95.990%
Epoch 0019: Validation ELBO Loss: -338.6691, Validation Recon: 29.4479, Validation Prior: -368.2083, Validation Accuracy: 97.600%
Epoch 0019: Test ELBO Loss: -340.9890, Test Recon: 29.2265, Test Prior: -370.3163, Test Accuracy: 97.290%
Epoch 0020: Validation ELBO Loss: -338.9208, Validation Recon: 31.5924, Validation Prior: -370.5866, Validation Accuracy: 97.840%
Epoch 0020: Test ELBO Loss: -341.5019, Test Recon: 31.3825, Test Prior: -372.9751, Test Accuracy: 97.460%
Epoch 0021: Validation ELBO Loss: -346.6099, Validation Recon: 31.7833, Validation Prior: -378.4672, Validation Accuracy: 97.700%
Epoch 0021: Test ELBO Loss: -348.7195, Test Recon: 31.4997, Test Prior: -380.3066, Test Accuracy: 97.530%
Epoch 0022: Validation ELBO Loss: -345.4723, Validation Recon: 28.2055, Validation Prior: -373.7551, Validation Accuracy: 97.880%
Epoch 0022: Test ELBO Loss: -347.1990, Test Recon: 27.9665, Test Prior: -375.2547, Test Accuracy: 97.540%
Epoch 0023: Validation ELBO Loss: -356.0840, Validation Recon: 24.8017, Validation Prior: -380.9509, Validation Accuracy: 98.180%
Epoch 0023: Test ELBO Loss: -357.5685, Test Recon: 24.5237, Test Prior: -382.1702, Test Accuracy: 97.820%
Epoch 0024: Validation ELBO Loss: -342.9987, Validation Recon: 26.5088, Validation Prior: -369.5726, Validation Accuracy: 97.940%
Epoch 0024: Test ELBO Loss: -345.9019, Test Recon: 26.1086, Test Prior: -372.0927, Test Accuracy: 97.590%
Epoch 0025: Validation ELBO Loss: -348.5777, Validation Recon: 27.7628, Validation Prior: -376.4046, Validation Accuracy: 98.120%
Epoch 0025: Test ELBO Loss: -350.7837, Test Recon: 27.5027, Test Prior: -378.3695, Test Accuracy: 97.710%
Epoch 0026: Validation ELBO Loss: -353.0132, Validation Recon: 26.5833, Validation Prior: -379.6473, Validation Accuracy: 98.460%
Epoch 0026: Test ELBO Loss: -354.7509, Test Recon: 26.3227, Test Prior: -381.1389, Test Accuracy: 98.230%
Epoch 0027: Validation ELBO Loss: -344.6297, Validation Recon: 29.8158, Validation Prior: -374.5090, Validation Accuracy: 98.160%
Epoch 0027: Test ELBO Loss: -346.5228, Test Recon: 29.5351, Test Prior: -376.1407, Test Accuracy: 97.660%
Epoch 0028: Validation ELBO Loss: -333.1377, Validation Recon: 30.6182, Validation Prior: -363.8148, Validation Accuracy: 98.200%
Epoch 0028: Test ELBO Loss: -336.5080, Test Recon: 30.3402, Test Prior: -366.9257, Test Accuracy: 97.890%
Epoch 0029: Validation ELBO Loss: -352.7181, Validation Recon: 28.4499, Validation Prior: -381.2475, Validation Accuracy: 97.620%
Epoch 0029: Test ELBO Loss: -354.0307, Test Recon: 28.2628, Test Prior: -382.3938, Test Accuracy: 97.260%
Epoch 0030: Validation ELBO Loss: -351.9666, Validation Recon: 26.1082, Validation Prior: -378.1332, Validation Accuracy: 98.400%
Epoch 0030: Test ELBO Loss: -353.9840, Test Recon: 25.8558, Test Prior: -379.9156, Test Accuracy: 98.060%
Epoch 0031: Validation ELBO Loss: -350.8093, Validation Recon: 29.5387, Validation Prior: -380.4153, Validation Accuracy: 98.080%
Epoch 0031: Test ELBO Loss: -352.7704, Test Recon: 29.3422, Test Prior: -382.1965, Test Accuracy: 97.750%
Epoch 0032: Validation ELBO Loss: -350.6608, Validation Recon: 25.7797, Validation Prior: -376.5103, Validation Accuracy: 98.000%
Epoch 0032: Test ELBO Loss: -352.6765, Test Recon: 25.3893, Test Prior: -378.1503, Test Accuracy: 97.640%
Epoch 0033: Validation ELBO Loss: 6878.5835, Validation Recon: 30.1182, Validation Prior: 6848.4087, Validation Accuracy: 98.560%
Epoch 0033: Test ELBO Loss: 6858.1450, Test Recon: 29.8136, Test Prior: 6828.2554, Test Accuracy: 98.110%
Epoch 0034: Validation ELBO Loss: 12416.9707, Validation Recon: 26.8276, Validation Prior: 12390.0898, Validation Accuracy: 98.500%
Epoch 0034: Test ELBO Loss: 12472.3145, Test Recon: 26.5355, Test Prior: 12445.7168, Test Accuracy: 98.120%
Epoch 0035: Validation ELBO Loss: 3571.0149, Validation Recon: 25.7031, Validation Prior: 3545.2695, Validation Accuracy: 98.720%
Epoch 0035: Test ELBO Loss: 3597.5237, Test Recon: 25.3104, Test Prior: 3572.1536, Test Accuracy: 98.400%
Epoch 0036: Validation ELBO Loss: 30824.3477, Validation Recon: 26.2296, Validation Prior: 30798.0527, Validation Accuracy: 97.960%
Epoch 0036: Test ELBO Loss: 30973.5195, Test Recon: 25.8470, Test Prior: 30947.5859, Test Accuracy: 97.800%
Epoch 0037: Validation ELBO Loss: 69637.5000, Validation Recon: 26.4185, Validation Prior: 69611.0156, Validation Accuracy: 98.280%
Epoch 0037: Test ELBO Loss: 70438.3516, Test Recon: 26.0569, Test Prior: 70412.2266, Test Accuracy: 98.160%
Epoch 0038: Validation ELBO Loss: 53542.3828, Validation Recon: 29.4478, Validation Prior: 53512.8867, Validation Accuracy: 98.700%
Epoch 0038: Test ELBO Loss: 54041.8359, Test Recon: 29.2020, Test Prior: 54012.5898, Test Accuracy: 98.280%
Epoch 0039: Validation ELBO Loss: 46341.2734, Validation Recon: 27.1536, Validation Prior: 46314.0703, Validation Accuracy: 98.760%
Epoch 0039: Test ELBO Loss: 46899.3711, Test Recon: 26.8272, Test Prior: 46872.4766, Test Accuracy: 98.190%
Epoch 0040: Validation ELBO Loss: 37662.3711, Validation Recon: 24.3906, Validation Prior: 37637.9297, Validation Accuracy: 98.500%
Epoch 0040: Test ELBO Loss: 37396.6328, Test Recon: 24.1817, Test Prior: 37372.3789, Test Accuracy: 98.080%
Epoch 0041: Validation ELBO Loss: 27867.7559, Validation Recon: 23.8137, Validation Prior: 27843.8945, Validation Accuracy: 98.500%
Epoch 0041: Test ELBO Loss: 27522.0254, Test Recon: 23.4100, Test Prior: 27498.5508, Test Accuracy: 98.340%
Epoch 0042: Validation ELBO Loss: 14671.5889, Validation Recon: 31.5959, Validation Prior: 14639.9375, Validation Accuracy: 98.500%
Epoch 0042: Test ELBO Loss: 14144.7061, Test Recon: 31.3300, Test Prior: 14113.2979, Test Accuracy: 98.030%
Epoch 0043: Validation ELBO Loss: 9960.8379, Validation Recon: 28.9168, Validation Prior: 9931.8652, Validation Accuracy: 98.520%
Epoch 0043: Test ELBO Loss: 9687.3242, Test Recon: 28.5273, Test Prior: 9658.7188, Test Accuracy: 97.830%
Epoch 0044: Validation ELBO Loss: 14740.8936, Validation Recon: 25.8078, Validation Prior: 14715.0391, Validation Accuracy: 98.700%
Epoch 0044: Test ELBO Loss: 14272.2041, Test Recon: 25.4821, Test Prior: 14246.6582, Test Accuracy: 98.380%
Epoch 0045: Validation ELBO Loss: 27558.3340, Validation Recon: 24.0804, Validation Prior: 27534.2070, Validation Accuracy: 98.880%
Epoch 0045: Test ELBO Loss: 26868.4180, Test Recon: 23.9578, Test Prior: 26844.3984, Test Accuracy: 98.360%
Epoch 0046: Validation ELBO Loss: 20644.2227, Validation Recon: 24.9418, Validation Prior: 20619.1680, Validation Accuracy: 96.900%
Epoch 0046: Test ELBO Loss: 19950.1270, Test Recon: 24.6299, Test Prior: 19925.3613, Test Accuracy: 96.450%
Epoch 0047: Validation ELBO Loss: 4270.9873, Validation Recon: 25.8042, Validation Prior: 4245.1357, Validation Accuracy: 98.500%
Epoch 0047: Test ELBO Loss: 4434.2344, Test Recon: 25.4710, Test Prior: 4408.6934, Test Accuracy: 98.170%
Epoch 0048: Validation ELBO Loss: -265.6975, Validation Recon: 23.6586, Validation Prior: -289.4068, Validation Accuracy: 98.620%
Epoch 0048: Test ELBO Loss: -272.9566, Test Recon: 23.3385, Test Prior: -296.3686, Test Accuracy: 98.270%
Epoch 0049: Validation ELBO Loss: -315.6430, Validation Recon: 24.6791, Validation Prior: -340.3573, Validation Accuracy: 98.900%
Epoch 0049: Test ELBO Loss: -319.0026, Test Recon: 24.3674, Test Prior: -343.4331, Test Accuracy: 98.300%
Epoch 0050: Validation ELBO Loss: -323.3344, Validation Recon: 25.6558, Validation Prior: -349.0429, Validation Accuracy: 98.300%
Epoch 0050: Test ELBO Loss: -324.7888, Test Recon: 25.2728, Test Prior: -350.1450, Test Accuracy: 98.070%
Epoch 0051: Validation ELBO Loss: -327.6471, Validation Recon: 23.6461, Validation Prior: -351.3360, Validation Accuracy: 98.760%
Epoch 0051: Test ELBO Loss: -331.6607, Test Recon: 23.3062, Test Prior: -355.0348, Test Accuracy: 98.310%
Epoch 0052: Validation ELBO Loss: -317.0211, Validation Recon: 24.6155, Validation Prior: -341.6783, Validation Accuracy: 98.820%
Epoch 0052: Test ELBO Loss: -320.7587, Test Recon: 24.3611, Test Prior: -345.1858, Test Accuracy: 98.280%
Epoch 0053: Validation ELBO Loss: -326.6369, Validation Recon: 23.2535, Validation Prior: -349.9246, Validation Accuracy: 99.120%
Epoch 0053: Test ELBO Loss: -329.5633, Test Recon: 22.9145, Test Prior: -352.5398, Test Accuracy: 98.580%
Epoch 0054: Validation ELBO Loss: -331.4603, Validation Recon: 23.2664, Validation Prior: -354.7672, Validation Accuracy: 98.820%
Epoch 0054: Test ELBO Loss: -333.8515, Test Recon: 22.9712, Test Prior: -356.8856, Test Accuracy: 98.560%
Epoch 0055: Validation ELBO Loss: -330.8403, Validation Recon: 24.3194, Validation Prior: -355.2035, Validation Accuracy: 98.760%
Epoch 0055: Test ELBO Loss: -333.6365, Test Recon: 24.1527, Test Prior: -357.8590, Test Accuracy: 98.180%
Epoch 0056: Validation ELBO Loss: -319.4869, Validation Recon: 24.9994, Validation Prior: -344.5250, Validation Accuracy: 98.840%
Epoch 0056: Test ELBO Loss: -322.7787, Test Recon: 24.8339, Test Prior: -347.6751, Test Accuracy: 98.380%
Epoch 0057: Validation ELBO Loss: -322.5104, Validation Recon: 23.5430, Validation Prior: -346.0908, Validation Accuracy: 98.940%
Epoch 0057: Test ELBO Loss: -325.1225, Test Recon: 23.3335, Test Prior: -348.5205, Test Accuracy: 98.520%
Epoch 0058: Validation ELBO Loss: -334.4910, Validation Recon: 21.7190, Validation Prior: -356.2476, Validation Accuracy: 98.800%
Epoch 0058: Test ELBO Loss: -336.8550, Test Recon: 21.3057, Test Prior: -358.2240, Test Accuracy: 98.390%
Epoch 0059: Validation ELBO Loss: -322.8184, Validation Recon: 26.7511, Validation Prior: -349.6175, Validation Accuracy: 98.580%
Epoch 0059: Test ELBO Loss: -325.7358, Test Recon: 26.4913, Test Prior: -352.3014, Test Accuracy: 98.130%
Epoch 0060: Validation ELBO Loss: -320.3068, Validation Recon: 24.1399, Validation Prior: -344.4906, Validation Accuracy: 98.760%
Epoch 0060: Test ELBO Loss: -323.5460, Test Recon: 23.9400, Test Prior: -347.5499, Test Accuracy: 98.420%
Epoch 0061: Validation ELBO Loss: -326.7596, Validation Recon: 23.3779, Validation Prior: -350.1801, Validation Accuracy: 98.820%
Epoch 0061: Test ELBO Loss: -329.5523, Test Recon: 23.1540, Test Prior: -352.7754, Test Accuracy: 98.440%
Epoch 0062: Validation ELBO Loss: -319.3424, Validation Recon: 24.7291, Validation Prior: -344.1114, Validation Accuracy: 98.900%
Epoch 0062: Test ELBO Loss: -321.8003, Test Recon: 24.4569, Test Prior: -346.3228, Test Accuracy: 98.330%
Epoch 0063: Validation ELBO Loss: -314.3828, Validation Recon: 24.1919, Validation Prior: -338.6175, Validation Accuracy: 98.700%
Epoch 0063: Test ELBO Loss: -317.6773, Test Recon: 23.9166, Test Prior: -341.6581, Test Accuracy: 98.320%
Epoch 0064: Validation ELBO Loss: -307.3723, Validation Recon: 25.4790, Validation Prior: -332.8878, Validation Accuracy: 99.000%
Epoch 0064: Test ELBO Loss: -310.4586, Test Recon: 25.2296, Test Prior: -335.7531, Test Accuracy: 98.560%
Epoch 0065: Validation ELBO Loss: -304.2641, Validation Recon: 23.2793, Validation Prior: -327.5828, Validation Accuracy: 98.960%
Epoch 0065: Test ELBO Loss: -306.5635, Test Recon: 23.1457, Test Prior: -329.7786, Test Accuracy: 98.480%
Epoch 0066: Validation ELBO Loss: -307.3343, Validation Recon: 23.0354, Validation Prior: -330.4100, Validation Accuracy: 98.840%
Epoch 0066: Test ELBO Loss: -310.1947, Test Recon: 22.7991, Test Prior: -333.0569, Test Accuracy: 98.570%
Epoch 0067: Validation ELBO Loss: -258.4040, Validation Recon: 24.9836, Validation Prior: -283.4285, Validation Accuracy: 98.820%
Epoch 0067: Test ELBO Loss: -261.8219, Test Recon: 24.5851, Test Prior: -286.4716, Test Accuracy: 98.400%
Epoch 0068: Validation ELBO Loss: -281.5274, Validation Recon: 24.7857, Validation Prior: -306.3578, Validation Accuracy: 98.740%
Epoch 0068: Test ELBO Loss: -284.6026, Test Recon: 24.5699, Test Prior: -309.2467, Test Accuracy: 98.120%
Epoch 0069: Validation ELBO Loss: -271.7881, Validation Recon: 24.9352, Validation Prior: -296.7543, Validation Accuracy: 99.160%
Epoch 0069: Test ELBO Loss: -275.7624, Test Recon: 24.8398, Test Prior: -300.6613, Test Accuracy: 98.630%
Epoch 0070: Validation ELBO Loss: -284.1294, Validation Recon: 23.0285, Validation Prior: -307.1920, Validation Accuracy: 99.020%
Epoch 0070: Test ELBO Loss: -286.9102, Test Recon: 22.8404, Test Prior: -309.8134, Test Accuracy: 98.640%
Epoch 0071: Validation ELBO Loss: -290.9066, Validation Recon: 21.5742, Validation Prior: -312.5126, Validation Accuracy: 99.100%
Epoch 0071: Test ELBO Loss: -294.9379, Test Recon: 21.3431, Test Prior: -316.3454, Test Accuracy: 98.680%
Epoch 0072: Validation ELBO Loss: -274.8831, Validation Recon: 24.9802, Validation Prior: -299.9011, Validation Accuracy: 98.980%
Epoch 0072: Test ELBO Loss: -279.8049, Test Recon: 24.7838, Test Prior: -304.6567, Test Accuracy: 98.660%
Epoch 0073: Validation ELBO Loss: -292.1722, Validation Recon: 21.2236, Validation Prior: -313.4377, Validation Accuracy: 98.960%
Epoch 0073: Test ELBO Loss: -295.5743, Test Recon: 20.8826, Test Prior: -316.5276, Test Accuracy: 98.310%
Epoch 0074: Validation ELBO Loss: -295.9595, Validation Recon: 22.7110, Validation Prior: -318.7100, Validation Accuracy: 98.920%
Epoch 0074: Test ELBO Loss: -298.8963, Test Recon: 22.5521, Test Prior: -321.5132, Test Accuracy: 98.450%
Epoch 0075: Validation ELBO Loss: -288.3242, Validation Recon: 25.3360, Validation Prior: -313.6949, Validation Accuracy: 98.880%
Epoch 0075: Test ELBO Loss: -291.2511, Test Recon: 25.1338, Test Prior: -316.4529, Test Accuracy: 98.380%
Epoch 0076: Validation ELBO Loss: -293.0359, Validation Recon: 24.3101, Validation Prior: -317.3810, Validation Accuracy: 98.980%
Epoch 0076: Test ELBO Loss: -296.2651, Test Recon: 23.9954, Test Prior: -320.3197, Test Accuracy: 98.610%
Epoch 0077: Validation ELBO Loss: -292.7423, Validation Recon: 23.4090, Validation Prior: -316.1810, Validation Accuracy: 99.220%
Epoch 0077: Test ELBO Loss: -295.7545, Test Recon: 23.1001, Test Prior: -318.9143, Test Accuracy: 98.780%
Epoch 0078: Validation ELBO Loss: -307.0110, Validation Recon: 21.0501, Validation Prior: -328.0971, Validation Accuracy: 99.080%
Epoch 0078: Test ELBO Loss: -309.7043, Test Recon: 20.7696, Test Prior: -330.5394, Test Accuracy: 98.680%
Epoch 0079: Validation ELBO Loss: -300.5154, Validation Recon: 23.4124, Validation Prior: -323.9642, Validation Accuracy: 99.020%
Epoch 0079: Test ELBO Loss: -302.3716, Test Recon: 23.2384, Test Prior: -325.6800, Test Accuracy: 98.380%
Epoch 0080: Validation ELBO Loss: -294.7588, Validation Recon: 22.7053, Validation Prior: -317.4938, Validation Accuracy: 99.200%
Epoch 0080: Test ELBO Loss: -297.2225, Test Recon: 22.4665, Test Prior: -319.7476, Test Accuracy: 98.740%
Epoch 0081: Validation ELBO Loss: -307.3100, Validation Recon: 20.6469, Validation Prior: -327.9877, Validation Accuracy: 99.140%
Epoch 0081: Test ELBO Loss: -309.6376, Test Recon: 20.3947, Test Prior: -330.0931, Test Accuracy: 98.640%
Epoch 0082: Validation ELBO Loss: -288.7432, Validation Recon: 22.7078, Validation Prior: -311.4889, Validation Accuracy: 98.940%
Epoch 0082: Test ELBO Loss: -292.0636, Test Recon: 22.4364, Test Prior: -314.5626, Test Accuracy: 98.620%
Epoch 0083: Validation ELBO Loss: -294.2523, Validation Recon: 23.1582, Validation Prior: -317.4437, Validation Accuracy: 99.160%
Epoch 0083: Test ELBO Loss: -297.3584, Test Recon: 22.9077, Test Prior: -320.3282, Test Accuracy: 98.690%
Epoch 0084: Validation ELBO Loss: -289.9674, Validation Recon: 24.3976, Validation Prior: -314.3975, Validation Accuracy: 99.140%
Epoch 0084: Test ELBO Loss: -293.1344, Test Recon: 24.0943, Test Prior: -317.2907, Test Accuracy: 98.720%
Epoch 0085: Validation ELBO Loss: -294.6623, Validation Recon: 22.1196, Validation Prior: -316.8207, Validation Accuracy: 98.960%
Epoch 0085: Test ELBO Loss: -298.0456, Test Recon: 21.7133, Test Prior: -319.8479, Test Accuracy: 98.240%
Epoch 0086: Validation ELBO Loss: -287.3856, Validation Recon: 26.2432, Validation Prior: -313.6638, Validation Accuracy: 99.020%
Epoch 0086: Test ELBO Loss: -289.9012, Test Recon: 25.9634, Test Prior: -315.9232, Test Accuracy: 98.720%
Epoch 0087: Validation ELBO Loss: -286.6561, Validation Recon: 23.4171, Validation Prior: -310.1112, Validation Accuracy: 98.880%
Epoch 0087: Test ELBO Loss: -289.5844, Test Recon: 23.2179, Test Prior: -312.8734, Test Accuracy: 98.270%
Epoch 0088: Validation ELBO Loss: -278.1973, Validation Recon: 25.3163, Validation Prior: -303.5484, Validation Accuracy: 98.980%
Epoch 0088: Test ELBO Loss: -282.2351, Test Recon: 25.0971, Test Prior: -307.3985, Test Accuracy: 98.640%
Epoch 0089: Validation ELBO Loss: -269.9726, Validation Recon: 23.6393, Validation Prior: -293.6445, Validation Accuracy: 99.240%
Epoch 0089: Test ELBO Loss: -274.5977, Test Recon: 23.4302, Test Prior: -298.0862, Test Accuracy: 98.660%
Epoch 0090: Validation ELBO Loss: -298.3201, Validation Recon: 19.6946, Validation Prior: -318.0406, Validation Accuracy: 99.320%
Epoch 0090: Test ELBO Loss: -301.7182, Test Recon: 19.4093, Test Prior: -321.1782, Test Accuracy: 98.820%
Epoch 0091: Validation ELBO Loss: -288.0880, Validation Recon: 23.1461, Validation Prior: -311.2640, Validation Accuracy: 99.200%
Epoch 0091: Test ELBO Loss: -292.9311, Test Recon: 22.7937, Test Prior: -315.7841, Test Accuracy: 98.790%
Epoch 0092: Validation ELBO Loss: -266.6885, Validation Recon: 24.2813, Validation Prior: -291.0000, Validation Accuracy: 99.220%
Epoch 0092: Test ELBO Loss: -271.1405, Test Recon: 24.0385, Test Prior: -295.2407, Test Accuracy: 98.740%
Epoch 0093: Validation ELBO Loss: -259.7541, Validation Recon: 20.1662, Validation Prior: -279.9528, Validation Accuracy: 99.100%
Epoch 0093: Test ELBO Loss: -286.1818, Test Recon: 19.8649, Test Prior: -306.1065, Test Accuracy: 98.730%
Epoch 0094: Validation ELBO Loss: -267.7615, Validation Recon: 22.6448, Validation Prior: -290.4362, Validation Accuracy: 99.200%
Epoch 0094: Test ELBO Loss: -269.7821, Test Recon: 22.4248, Test Prior: -292.2670, Test Accuracy: 98.830%
Epoch 0095: Validation ELBO Loss: -293.3766, Validation Recon: 24.8133, Validation Prior: -318.2349, Validation Accuracy: 98.900%
Epoch 0095: Test ELBO Loss: -295.9256, Test Recon: 24.5418, Test Prior: -320.5417, Test Accuracy: 98.310%
Epoch 0096: Validation ELBO Loss: -261.1359, Validation Recon: 20.5566, Validation Prior: -281.7224, Validation Accuracy: 99.160%
Epoch 0096: Test ELBO Loss: -265.2340, Test Recon: 20.3349, Test Prior: -285.6319, Test Accuracy: 98.740%
Epoch 0097: Validation ELBO Loss: -273.9341, Validation Recon: 19.9220, Validation Prior: -293.8915, Validation Accuracy: 98.940%
Epoch 0097: Test ELBO Loss: -275.6790, Test Recon: 19.7229, Test Prior: -295.4651, Test Accuracy: 98.570%
Epoch 0098: Validation ELBO Loss: -268.9256, Validation Recon: 21.2867, Validation Prior: -290.2545, Validation Accuracy: 98.840%
Epoch 0098: Test ELBO Loss: -271.5851, Test Recon: 21.0257, Test Prior: -292.6808, Test Accuracy: 98.480%
Epoch 0099: Validation ELBO Loss: -256.0354, Validation Recon: 23.0446, Validation Prior: -279.1149, Validation Accuracy: 99.020%
Epoch 0099: Test ELBO Loss: -259.2219, Test Recon: 22.7218, Test Prior: -282.0108, Test Accuracy: 98.510%
