n001.hpc
2021. 12. 23. (목) 19:50:42 KST
Graph is built!
Epoch 0000: Validation ELBO Loss: -174.9530, Validation Recon: 40.4782, Validation Prior: -216.6459, Validation Accuracy: 55.120%
Epoch 0000: Test ELBO Loss: -175.4570, Test Recon: 40.2797, Test Prior: -216.9278, Test Accuracy: 56.880%
Epoch 0001: Validation ELBO Loss: -73.6659, Validation Recon: 41.8804, Validation Prior: -117.3753, Validation Accuracy: 53.140%
Epoch 0001: Test ELBO Loss: -88.2349, Test Recon: 41.5585, Test Prior: -131.5639, Test Accuracy: 54.810%
Epoch 0002: Validation ELBO Loss: -176.3271, Validation Recon: 38.1032, Validation Prior: -214.9646, Validation Accuracy: 83.460%
Epoch 0002: Test ELBO Loss: -182.0751, Test Recon: 37.7791, Test Prior: -220.3715, Test Accuracy: 84.200%
Epoch 0003: Validation ELBO Loss: -238.6368, Validation Recon: 36.1069, Validation Prior: -274.9959, Validation Accuracy: 92.720%
Epoch 0003: Test ELBO Loss: -237.6003, Test Recon: 35.9252, Test Prior: -273.7713, Test Accuracy: 92.860%
Epoch 0004: Validation ELBO Loss: -266.1520, Validation Recon: 32.9704, Validation Prior: -299.2696, Validation Accuracy: 96.180%
Epoch 0004: Test ELBO Loss: -267.4310, Test Recon: 32.8084, Test Prior: -300.3890, Test Accuracy: 95.910%
Epoch 0005: Validation ELBO Loss: -269.4591, Validation Recon: 33.3586, Validation Prior: -303.0420, Validation Accuracy: 93.100%
Epoch 0005: Test ELBO Loss: -270.3864, Test Recon: 33.0844, Test Prior: -303.6856, Test Accuracy: 93.610%
Epoch 0006: Validation ELBO Loss: -273.0636, Validation Recon: 32.7729, Validation Prior: -305.9907, Validation Accuracy: 95.100%
Epoch 0006: Test ELBO Loss: -274.1693, Test Recon: 32.5685, Test Prior: -306.8891, Test Accuracy: 95.440%
Epoch 0007: Validation ELBO Loss: -283.3936, Validation Recon: 33.2047, Validation Prior: -316.6901, Validation Accuracy: 97.680%
Epoch 0007: Test ELBO Loss: -284.7851, Test Recon: 32.8427, Test Prior: -317.7306, Test Accuracy: 97.230%
Epoch 0008: Validation ELBO Loss: -287.2094, Validation Recon: 35.9947, Validation Prior: -323.3578, Validation Accuracy: 96.260%
Epoch 0008: Test ELBO Loss: -287.3753, Test Recon: 35.5179, Test Prior: -323.0532, Test Accuracy: 95.820%
Epoch 0009: Validation ELBO Loss: -298.2257, Validation Recon: 31.2420, Validation Prior: -329.6131, Validation Accuracy: 95.320%
Epoch 0009: Test ELBO Loss: -299.9347, Test Recon: 30.7117, Test Prior: -330.7901, Test Accuracy: 95.530%
Epoch 0010: Validation ELBO Loss: -310.1490, Validation Recon: 30.8302, Validation Prior: -341.0864, Validation Accuracy: 97.340%
Epoch 0010: Test ELBO Loss: -311.2819, Test Recon: 30.3969, Test Prior: -341.7967, Test Accuracy: 96.740%
Epoch 0011: Validation ELBO Loss: -302.3043, Validation Recon: 33.2197, Validation Prior: -335.6577, Validation Accuracy: 95.960%
Epoch 0011: Test ELBO Loss: -301.3899, Test Recon: 32.6318, Test Prior: -334.1510, Test Accuracy: 96.220%
Epoch 0012: Validation ELBO Loss: -313.5070, Validation Recon: 32.5612, Validation Prior: -346.1658, Validation Accuracy: 97.400%
Epoch 0012: Test ELBO Loss: -312.7740, Test Recon: 32.4361, Test Prior: -345.3210, Test Accuracy: 96.770%
Epoch 0013: Validation ELBO Loss: -324.0116, Validation Recon: 32.5477, Validation Prior: -356.6559, Validation Accuracy: 97.360%
Epoch 0013: Test ELBO Loss: -324.9109, Test Recon: 31.8929, Test Prior: -356.9064, Test Accuracy: 97.220%
Epoch 0014: Validation ELBO Loss: -325.9982, Validation Recon: 29.8974, Validation Prior: -355.9898, Validation Accuracy: 97.560%
Epoch 0014: Test ELBO Loss: -328.1007, Test Recon: 29.2876, Test Prior: -357.4904, Test Accuracy: 97.030%
Epoch 0015: Validation ELBO Loss: -328.3377, Validation Recon: 31.0299, Validation Prior: -359.4442, Validation Accuracy: 97.940%
Epoch 0015: Test ELBO Loss: -329.6154, Test Recon: 30.4655, Test Prior: -360.1693, Test Accuracy: 97.490%
Epoch 0016: Validation ELBO Loss: -334.6053, Validation Recon: 29.9558, Validation Prior: -364.6488, Validation Accuracy: 97.680%
Epoch 0016: Test ELBO Loss: -336.0659, Test Recon: 29.3976, Test Prior: -365.5650, Test Accuracy: 97.120%
Epoch 0017: Validation ELBO Loss: -326.3732, Validation Recon: 30.7767, Validation Prior: -357.2183, Validation Accuracy: 97.960%
Epoch 0017: Test ELBO Loss: -328.0066, Test Recon: 30.2063, Test Prior: -358.2944, Test Accuracy: 97.670%
Epoch 0018: Validation ELBO Loss: -335.6134, Validation Recon: 30.9569, Validation Prior: -366.6591, Validation Accuracy: 97.500%
Epoch 0018: Test ELBO Loss: -336.7844, Test Recon: 30.4536, Test Prior: -367.3409, Test Accuracy: 97.030%
Epoch 0019: Validation ELBO Loss: -338.9665, Validation Recon: 31.3606, Validation Prior: -370.4182, Validation Accuracy: 97.320%
Epoch 0019: Test ELBO Loss: -339.3651, Test Recon: 30.8735, Test Prior: -370.3370, Test Accuracy: 97.220%
Epoch 0020: Validation ELBO Loss: -343.2149, Validation Recon: 29.2510, Validation Prior: -372.5425, Validation Accuracy: 97.960%
Epoch 0020: Test ELBO Loss: -343.9993, Test Recon: 28.8495, Test Prior: -372.9382, Test Accuracy: 97.460%
Epoch 0021: Validation ELBO Loss: -344.9691, Validation Recon: 27.7562, Validation Prior: -372.7935, Validation Accuracy: 98.160%
Epoch 0021: Test ELBO Loss: -346.1892, Test Recon: 27.2129, Test Prior: -373.4871, Test Accuracy: 97.620%
Epoch 0022: Validation ELBO Loss: -346.4499, Validation Recon: 27.5502, Validation Prior: -374.0697, Validation Accuracy: 97.960%
Epoch 0022: Test ELBO Loss: -347.1738, Test Recon: 27.1434, Test Prior: -374.4008, Test Accuracy: 97.690%
Epoch 0023: Validation ELBO Loss: -348.8629, Validation Recon: 26.6142, Validation Prior: -375.5252, Validation Accuracy: 98.580%
Epoch 0023: Test ELBO Loss: -350.1321, Test Recon: 26.1105, Test Prior: -376.3052, Test Accuracy: 98.250%
Epoch 0024: Validation ELBO Loss: -348.9545, Validation Recon: 28.5888, Validation Prior: -377.6035, Validation Accuracy: 98.300%
Epoch 0024: Test ELBO Loss: -350.0105, Test Recon: 28.0286, Test Prior: -378.1110, Test Accuracy: 97.950%
Epoch 0025: Validation ELBO Loss: -354.0561, Validation Recon: 26.7184, Validation Prior: -380.8398, Validation Accuracy: 98.340%
Epoch 0025: Test ELBO Loss: -354.9967, Test Recon: 26.4188, Test Prior: -381.4943, Test Accuracy: 97.860%
Epoch 0026: Validation ELBO Loss: -358.5463, Validation Recon: 25.9618, Validation Prior: -384.5742, Validation Accuracy: 98.140%
Epoch 0026: Test ELBO Loss: -359.9331, Test Recon: 25.6749, Test Prior: -385.6891, Test Accuracy: 97.690%
Epoch 0027: Validation ELBO Loss: -358.1634, Validation Recon: 28.3617, Validation Prior: -386.5892, Validation Accuracy: 98.260%
Epoch 0027: Test ELBO Loss: -358.6885, Test Recon: 28.1668, Test Prior: -386.9369, Test Accuracy: 97.820%
Epoch 0028: Validation ELBO Loss: -351.6386, Validation Recon: 26.0179, Validation Prior: -377.7166, Validation Accuracy: 98.180%
Epoch 0028: Test ELBO Loss: -352.7774, Test Recon: 25.5272, Test Prior: -378.3817, Test Accuracy: 97.730%
Epoch 0029: Validation ELBO Loss: -354.4040, Validation Recon: 26.3861, Validation Prior: -380.8401, Validation Accuracy: 98.500%
Epoch 0029: Test ELBO Loss: -355.9489, Test Recon: 25.9053, Test Prior: -381.9249, Test Accuracy: 98.000%
Epoch 0030: Validation ELBO Loss: -359.3407, Validation Recon: 26.2967, Validation Prior: -385.7004, Validation Accuracy: 98.320%
Epoch 0030: Test ELBO Loss: -360.7094, Test Recon: 26.0772, Test Prior: -386.8713, Test Accuracy: 97.730%
Epoch 0031: Validation ELBO Loss: -357.2532, Validation Recon: 26.8321, Validation Prior: -384.1303, Validation Accuracy: 98.640%
Epoch 0031: Test ELBO Loss: -358.6928, Test Recon: 26.3233, Test Prior: -385.0769, Test Accuracy: 98.340%
Epoch 0032: Validation ELBO Loss: -353.5639, Validation Recon: 25.4300, Validation Prior: -379.0485, Validation Accuracy: 98.420%
Epoch 0032: Test ELBO Loss: -354.6782, Test Recon: 25.0560, Test Prior: -379.8050, Test Accuracy: 98.160%
Epoch 0033: Validation ELBO Loss: -357.0756, Validation Recon: 26.9604, Validation Prior: -384.1032, Validation Accuracy: 97.960%
Epoch 0033: Test ELBO Loss: -358.5263, Test Recon: 26.4743, Test Prior: -385.0888, Test Accuracy: 97.430%
Epoch 0034: Validation ELBO Loss: -365.5656, Validation Recon: 23.6694, Validation Prior: -389.2963, Validation Accuracy: 98.080%
Epoch 0034: Test ELBO Loss: -367.1755, Test Recon: 23.2811, Test Prior: -390.5375, Test Accuracy: 97.660%
Epoch 0035: Validation ELBO Loss: -351.3265, Validation Recon: 27.1202, Validation Prior: -378.5003, Validation Accuracy: 98.320%
Epoch 0035: Test ELBO Loss: -353.1945, Test Recon: 26.5162, Test Prior: -379.7810, Test Accuracy: 97.970%
Epoch 0036: Validation ELBO Loss: -364.0831, Validation Recon: 28.0529, Validation Prior: -392.1936, Validation Accuracy: 98.080%
Epoch 0036: Test ELBO Loss: -364.9878, Test Recon: 27.8817, Test Prior: -392.9495, Test Accuracy: 97.720%
Epoch 0037: Validation ELBO Loss: -362.4449, Validation Recon: 26.9570, Validation Prior: -389.4584, Validation Accuracy: 98.420%
Epoch 0037: Test ELBO Loss: -363.7743, Test Recon: 26.8276, Test Prior: -390.6827, Test Accuracy: 97.940%
Epoch 0038: Validation ELBO Loss: -366.9518, Validation Recon: 26.3414, Validation Prior: -393.3479, Validation Accuracy: 98.260%
Epoch 0038: Test ELBO Loss: -368.1262, Test Recon: 26.1136, Test Prior: -394.3167, Test Accuracy: 97.990%
Epoch 0039: Validation ELBO Loss: -358.8735, Validation Recon: 26.5577, Validation Prior: -385.4797, Validation Accuracy: 98.740%
Epoch 0039: Test ELBO Loss: -360.0697, Test Recon: 26.4240, Test Prior: -386.5627, Test Accuracy: 98.260%
Epoch 0040: Validation ELBO Loss: -365.4706, Validation Recon: 25.9404, Validation Prior: -391.4600, Validation Accuracy: 98.520%
Epoch 0040: Test ELBO Loss: -366.8346, Test Recon: 25.7444, Test Prior: -392.6587, Test Accuracy: 97.780%
Epoch 0041: Validation ELBO Loss: -356.3443, Validation Recon: 24.0950, Validation Prior: -380.4872, Validation Accuracy: 98.600%
Epoch 0041: Test ELBO Loss: -357.5451, Test Recon: 23.5911, Test Prior: -381.2099, Test Accuracy: 98.000%
Epoch 0042: Validation ELBO Loss: -360.2606, Validation Recon: 32.0722, Validation Prior: -392.3892, Validation Accuracy: 98.540%
Epoch 0042: Test ELBO Loss: -360.9773, Test Recon: 32.2568, Test Prior: -393.3173, Test Accuracy: 97.750%
Epoch 0043: Validation ELBO Loss: -360.9836, Validation Recon: 24.3156, Validation Prior: -385.3504, Validation Accuracy: 98.700%
Epoch 0043: Test ELBO Loss: -361.7287, Test Recon: 24.0234, Test Prior: -385.8217, Test Accuracy: 98.140%
Epoch 0044: Validation ELBO Loss: -365.6917, Validation Recon: 23.6751, Validation Prior: -389.4144, Validation Accuracy: 98.840%
Epoch 0044: Test ELBO Loss: -367.1545, Test Recon: 23.5159, Test Prior: -390.7389, Test Accuracy: 98.090%
Epoch 0045: Validation ELBO Loss: -363.3348, Validation Recon: 26.1589, Validation Prior: -389.5464, Validation Accuracy: 98.620%
Epoch 0045: Test ELBO Loss: -364.5765, Test Recon: 25.9346, Test Prior: -390.5877, Test Accuracy: 97.920%
Epoch 0046: Validation ELBO Loss: -365.1728, Validation Recon: 27.5410, Validation Prior: -392.7767, Validation Accuracy: 98.120%
Epoch 0046: Test ELBO Loss: -366.4027, Test Recon: 27.5440, Test Prior: -394.0339, Test Accuracy: 97.500%
Epoch 0047: Validation ELBO Loss: -365.6076, Validation Recon: 26.7426, Validation Prior: -392.4019, Validation Accuracy: 98.720%
Epoch 0047: Test ELBO Loss: -366.0830, Test Recon: 26.7752, Test Prior: -392.9314, Test Accuracy: 98.120%
Epoch 0048: Validation ELBO Loss: -355.2014, Validation Recon: 23.5544, Validation Prior: -378.7968, Validation Accuracy: 98.780%
Epoch 0048: Test ELBO Loss: -356.9836, Test Recon: 23.3305, Test Prior: -380.3812, Test Accuracy: 98.310%
Epoch 0049: Validation ELBO Loss: -364.2853, Validation Recon: 26.1762, Validation Prior: -390.5153, Validation Accuracy: 98.540%
Epoch 0049: Test ELBO Loss: -365.5276, Test Recon: 26.1950, Test Prior: -391.7981, Test Accuracy: 97.920%
Epoch 0050: Validation ELBO Loss: -355.9280, Validation Recon: 27.1762, Validation Prior: -383.1500, Validation Accuracy: 98.620%
Epoch 0050: Test ELBO Loss: -356.9210, Test Recon: 27.4057, Test Prior: -384.3971, Test Accuracy: 98.050%
Epoch 0051: Validation ELBO Loss: -345.2509, Validation Recon: 24.6567, Validation Prior: -369.9530, Validation Accuracy: 98.880%
Epoch 0051: Test ELBO Loss: -345.9195, Test Recon: 24.2268, Test Prior: -370.2174, Test Accuracy: 98.190%
Epoch 0052: Validation ELBO Loss: -358.6970, Validation Recon: 25.5540, Validation Prior: -384.2949, Validation Accuracy: 98.640%
Epoch 0052: Test ELBO Loss: -360.0588, Test Recon: 25.4826, Test Prior: -385.6118, Test Accuracy: 98.130%
Epoch 0053: Validation ELBO Loss: -355.5307, Validation Recon: 25.0109, Validation Prior: -380.5839, Validation Accuracy: 98.800%
Epoch 0053: Test ELBO Loss: -356.9534, Test Recon: 24.6361, Test Prior: -381.6568, Test Accuracy: 98.210%
Epoch 0054: Validation ELBO Loss: -360.2952, Validation Recon: 25.7030, Validation Prior: -386.0403, Validation Accuracy: 98.760%
Epoch 0054: Test ELBO Loss: -361.2138, Test Recon: 25.3680, Test Prior: -386.6478, Test Accuracy: 98.230%
Epoch 0055: Validation ELBO Loss: -359.2834, Validation Recon: 29.0148, Validation Prior: -388.3414, Validation Accuracy: 98.740%
Epoch 0055: Test ELBO Loss: -360.2656, Test Recon: 29.1060, Test Prior: -389.4414, Test Accuracy: 98.150%
Epoch 0056: Validation ELBO Loss: -363.7121, Validation Recon: 24.1939, Validation Prior: -387.9418, Validation Accuracy: 99.040%
Epoch 0056: Test ELBO Loss: -364.6189, Test Recon: 24.0211, Test Prior: -388.6986, Test Accuracy: 98.480%
Epoch 0057: Validation ELBO Loss: nan, Validation Recon: nan, Validation Prior: nan, Validation Accuracy: 10.000%
Epoch 0057: Test ELBO Loss: nan, Test Recon: nan, Test Prior: nan, Test Accuracy: 9.800%
Epoch 0058: Validation ELBO Loss: nan, Validation Recon: nan, Validation Prior: nan, Validation Accuracy: 10.000%
Epoch 0058: Test ELBO Loss: nan, Test Recon: nan, Test Prior: nan, Test Accuracy: 9.800%
Epoch 0059: Validation ELBO Loss: nan, Validation Recon: nan, Validation Prior: nan, Validation Accuracy: 10.000%
Epoch 0059: Test ELBO Loss: nan, Test Recon: nan, Test Prior: nan, Test Accuracy: 9.800%
Epoch 0060: Validation ELBO Loss: nan, Validation Recon: nan, Validation Prior: nan, Validation Accuracy: 10.000%
Epoch 0060: Test ELBO Loss: nan, Test Recon: nan, Test Prior: nan, Test Accuracy: 9.800%
Epoch 0061: Validation ELBO Loss: nan, Validation Recon: nan, Validation Prior: nan, Validation Accuracy: 10.000%
Epoch 0061: Test ELBO Loss: nan, Test Recon: nan, Test Prior: nan, Test Accuracy: 9.800%
Epoch 0062: Validation ELBO Loss: nan, Validation Recon: nan, Validation Prior: nan, Validation Accuracy: 10.000%
Epoch 0062: Test ELBO Loss: nan, Test Recon: nan, Test Prior: nan, Test Accuracy: 9.800%
Epoch 0063: Validation ELBO Loss: nan, Validation Recon: nan, Validation Prior: nan, Validation Accuracy: 10.000%
Epoch 0063: Test ELBO Loss: nan, Test Recon: nan, Test Prior: nan, Test Accuracy: 9.800%
Epoch 0064: Validation ELBO Loss: nan, Validation Recon: nan, Validation Prior: nan, Validation Accuracy: 10.000%
Epoch 0064: Test ELBO Loss: nan, Test Recon: nan, Test Prior: nan, Test Accuracy: 9.800%
Epoch 0065: Validation ELBO Loss: nan, Validation Recon: nan, Validation Prior: nan, Validation Accuracy: 10.000%
Epoch 0065: Test ELBO Loss: nan, Test Recon: nan, Test Prior: nan, Test Accuracy: 9.800%
Epoch 0066: Validation ELBO Loss: nan, Validation Recon: nan, Validation Prior: nan, Validation Accuracy: 10.000%
Epoch 0066: Test ELBO Loss: nan, Test Recon: nan, Test Prior: nan, Test Accuracy: 9.800%
Epoch 0067: Validation ELBO Loss: nan, Validation Recon: nan, Validation Prior: nan, Validation Accuracy: 10.000%
Epoch 0067: Test ELBO Loss: nan, Test Recon: nan, Test Prior: nan, Test Accuracy: 9.800%
Epoch 0068: Validation ELBO Loss: nan, Validation Recon: nan, Validation Prior: nan, Validation Accuracy: 10.000%
Epoch 0068: Test ELBO Loss: nan, Test Recon: nan, Test Prior: nan, Test Accuracy: 9.800%
Epoch 0069: Validation ELBO Loss: nan, Validation Recon: nan, Validation Prior: nan, Validation Accuracy: 10.000%
Epoch 0069: Test ELBO Loss: nan, Test Recon: nan, Test Prior: nan, Test Accuracy: 9.800%
Epoch 0070: Validation ELBO Loss: nan, Validation Recon: nan, Validation Prior: nan, Validation Accuracy: 10.000%
Epoch 0070: Test ELBO Loss: nan, Test Recon: nan, Test Prior: nan, Test Accuracy: 9.800%
Epoch 0071: Validation ELBO Loss: nan, Validation Recon: nan, Validation Prior: nan, Validation Accuracy: 10.000%
Epoch 0071: Test ELBO Loss: nan, Test Recon: nan, Test Prior: nan, Test Accuracy: 9.800%
Epoch 0072: Validation ELBO Loss: nan, Validation Recon: nan, Validation Prior: nan, Validation Accuracy: 10.000%
Epoch 0072: Test ELBO Loss: nan, Test Recon: nan, Test Prior: nan, Test Accuracy: 9.800%
Epoch 0073: Validation ELBO Loss: nan, Validation Recon: nan, Validation Prior: nan, Validation Accuracy: 10.000%
Epoch 0073: Test ELBO Loss: nan, Test Recon: nan, Test Prior: nan, Test Accuracy: 9.800%
Epoch 0074: Validation ELBO Loss: nan, Validation Recon: nan, Validation Prior: nan, Validation Accuracy: 10.000%
Epoch 0074: Test ELBO Loss: nan, Test Recon: nan, Test Prior: nan, Test Accuracy: 9.800%
Epoch 0075: Validation ELBO Loss: nan, Validation Recon: nan, Validation Prior: nan, Validation Accuracy: 10.000%
Epoch 0075: Test ELBO Loss: nan, Test Recon: nan, Test Prior: nan, Test Accuracy: 9.800%
Epoch 0076: Validation ELBO Loss: nan, Validation Recon: nan, Validation Prior: nan, Validation Accuracy: 10.000%
Epoch 0076: Test ELBO Loss: nan, Test Recon: nan, Test Prior: nan, Test Accuracy: 9.800%
Epoch 0077: Validation ELBO Loss: nan, Validation Recon: nan, Validation Prior: nan, Validation Accuracy: 10.000%
Epoch 0077: Test ELBO Loss: nan, Test Recon: nan, Test Prior: nan, Test Accuracy: 9.800%
Epoch 0078: Validation ELBO Loss: nan, Validation Recon: nan, Validation Prior: nan, Validation Accuracy: 10.000%
Epoch 0078: Test ELBO Loss: nan, Test Recon: nan, Test Prior: nan, Test Accuracy: 9.800%
Epoch 0079: Validation ELBO Loss: nan, Validation Recon: nan, Validation Prior: nan, Validation Accuracy: 10.000%
Epoch 0079: Test ELBO Loss: nan, Test Recon: nan, Test Prior: nan, Test Accuracy: 9.800%
Epoch 0080: Validation ELBO Loss: nan, Validation Recon: nan, Validation Prior: nan, Validation Accuracy: 10.000%
Epoch 0080: Test ELBO Loss: nan, Test Recon: nan, Test Prior: nan, Test Accuracy: 9.800%
Epoch 0081: Validation ELBO Loss: nan, Validation Recon: nan, Validation Prior: nan, Validation Accuracy: 10.000%
Epoch 0081: Test ELBO Loss: nan, Test Recon: nan, Test Prior: nan, Test Accuracy: 9.800%
Epoch 0082: Validation ELBO Loss: nan, Validation Recon: nan, Validation Prior: nan, Validation Accuracy: 10.000%
Epoch 0082: Test ELBO Loss: nan, Test Recon: nan, Test Prior: nan, Test Accuracy: 9.800%
Epoch 0083: Validation ELBO Loss: nan, Validation Recon: nan, Validation Prior: nan, Validation Accuracy: 10.000%
Epoch 0083: Test ELBO Loss: nan, Test Recon: nan, Test Prior: nan, Test Accuracy: 9.800%
Epoch 0084: Validation ELBO Loss: nan, Validation Recon: nan, Validation Prior: nan, Validation Accuracy: 10.000%
Epoch 0084: Test ELBO Loss: nan, Test Recon: nan, Test Prior: nan, Test Accuracy: 9.800%
Epoch 0085: Validation ELBO Loss: nan, Validation Recon: nan, Validation Prior: nan, Validation Accuracy: 10.000%
Epoch 0085: Test ELBO Loss: nan, Test Recon: nan, Test Prior: nan, Test Accuracy: 9.800%
Epoch 0086: Validation ELBO Loss: nan, Validation Recon: nan, Validation Prior: nan, Validation Accuracy: 10.000%
Epoch 0086: Test ELBO Loss: nan, Test Recon: nan, Test Prior: nan, Test Accuracy: 9.800%
Epoch 0087: Validation ELBO Loss: nan, Validation Recon: nan, Validation Prior: nan, Validation Accuracy: 10.000%
Epoch 0087: Test ELBO Loss: nan, Test Recon: nan, Test Prior: nan, Test Accuracy: 9.800%
Epoch 0088: Validation ELBO Loss: nan, Validation Recon: nan, Validation Prior: nan, Validation Accuracy: 10.000%
Epoch 0088: Test ELBO Loss: nan, Test Recon: nan, Test Prior: nan, Test Accuracy: 9.800%
Epoch 0089: Validation ELBO Loss: nan, Validation Recon: nan, Validation Prior: nan, Validation Accuracy: 10.000%
Epoch 0089: Test ELBO Loss: nan, Test Recon: nan, Test Prior: nan, Test Accuracy: 9.800%
Epoch 0090: Validation ELBO Loss: nan, Validation Recon: nan, Validation Prior: nan, Validation Accuracy: 10.000%
Epoch 0090: Test ELBO Loss: nan, Test Recon: nan, Test Prior: nan, Test Accuracy: 9.800%
Epoch 0091: Validation ELBO Loss: nan, Validation Recon: nan, Validation Prior: nan, Validation Accuracy: 10.000%
Epoch 0091: Test ELBO Loss: nan, Test Recon: nan, Test Prior: nan, Test Accuracy: 9.800%
Epoch 0092: Validation ELBO Loss: nan, Validation Recon: nan, Validation Prior: nan, Validation Accuracy: 10.000%
Epoch 0092: Test ELBO Loss: nan, Test Recon: nan, Test Prior: nan, Test Accuracy: 9.800%
Epoch 0093: Validation ELBO Loss: nan, Validation Recon: nan, Validation Prior: nan, Validation Accuracy: 10.000%
Epoch 0093: Test ELBO Loss: nan, Test Recon: nan, Test Prior: nan, Test Accuracy: 9.800%
Epoch 0094: Validation ELBO Loss: nan, Validation Recon: nan, Validation Prior: nan, Validation Accuracy: 10.000%
Epoch 0094: Test ELBO Loss: nan, Test Recon: nan, Test Prior: nan, Test Accuracy: 9.800%
Epoch 0095: Validation ELBO Loss: nan, Validation Recon: nan, Validation Prior: nan, Validation Accuracy: 10.000%
Epoch 0095: Test ELBO Loss: nan, Test Recon: nan, Test Prior: nan, Test Accuracy: 9.800%
Epoch 0096: Validation ELBO Loss: nan, Validation Recon: nan, Validation Prior: nan, Validation Accuracy: 10.000%
Epoch 0096: Test ELBO Loss: nan, Test Recon: nan, Test Prior: nan, Test Accuracy: 9.800%
Epoch 0097: Validation ELBO Loss: nan, Validation Recon: nan, Validation Prior: nan, Validation Accuracy: 10.000%
Epoch 0097: Test ELBO Loss: nan, Test Recon: nan, Test Prior: nan, Test Accuracy: 9.800%
Epoch 0098: Validation ELBO Loss: nan, Validation Recon: nan, Validation Prior: nan, Validation Accuracy: 10.000%
Epoch 0098: Test ELBO Loss: nan, Test Recon: nan, Test Prior: nan, Test Accuracy: 9.800%
Epoch 0099: Validation ELBO Loss: nan, Validation Recon: nan, Validation Prior: nan, Validation Accuracy: 10.000%
Epoch 0099: Test ELBO Loss: nan, Test Recon: nan, Test Prior: nan, Test Accuracy: 9.800%
